<?xml version="1.0" encoding="UTF-8"?>
<coverage generated="1684088021727" clover="3.2.0">
  <project timestamp="1684088021728" name="All files">
    <metrics statements="95" coveredstatements="93" conditionals="39" coveredconditionals="35" methods="14" coveredmethods="14" elements="148" coveredelements="142" complexity="0" loc="95" ncloc="95" packages="6" files="8" classes="8"/>
    <package name="components.Button">
      <metrics statements="21" coveredstatements="21" conditionals="6" coveredconditionals="6" methods="2" coveredmethods="2"/>
      <file name="Button.tsx" path="/Users/jordi/Projects/calculator/src/components/Button/Button.tsx">
        <metrics statements="21" coveredstatements="21" conditionals="6" coveredconditionals="6" methods="2" coveredmethods="2"/>
        <line num="1" count="3" type="stmt"/>
        <line num="2" count="3" type="stmt"/>
        <line num="5" count="1171" type="stmt"/>
        <line num="6" count="1171" type="stmt"/>
        <line num="8" count="1171" type="stmt"/>
        <line num="13" count="1171" type="stmt"/>
        <line num="14" count="50" type="stmt"/>
        <line num="16" count="50" type="cond" truecount="2" falsecount="0"/>
        <line num="18" count="31" type="stmt"/>
        <line num="19" count="31" type="stmt"/>
        <line num="21" count="19" type="cond" truecount="4" falsecount="0"/>
        <line num="23" count="1" type="stmt"/>
        <line num="24" count="1" type="stmt"/>
        <line num="26" count="4" type="stmt"/>
        <line num="27" count="4" type="stmt"/>
        <line num="29" count="6" type="stmt"/>
        <line num="30" count="6" type="stmt"/>
        <line num="32" count="8" type="stmt"/>
        <line num="33" count="8" type="stmt"/>
        <line num="35" count="19" type="stmt"/>
        <line num="39" count="1171" type="stmt"/>
      </file>
    </package>
    <package name="components.Calculator">
      <metrics statements="9" coveredstatements="9" conditionals="0" coveredconditionals="0" methods="1" coveredmethods="1"/>
      <file name="Calculator.tsx" path="/Users/jordi/Projects/calculator/src/components/Calculator/Calculator.tsx">
        <metrics statements="9" coveredstatements="9" conditionals="0" coveredconditionals="0" methods="1" coveredmethods="1"/>
        <line num="1" count="1" type="stmt"/>
        <line num="2" count="1" type="stmt"/>
        <line num="3" count="1" type="stmt"/>
        <line num="4" count="1" type="stmt"/>
        <line num="5" count="1" type="stmt"/>
        <line num="7" count="1" type="stmt"/>
        <line num="8" count="64" type="stmt"/>
        <line num="9" count="64" type="stmt"/>
        <line num="11" count="64" type="stmt"/>
      </file>
    </package>
    <package name="components.Display">
      <metrics statements="2" coveredstatements="2" conditionals="0" coveredconditionals="0" methods="1" coveredmethods="1"/>
      <file name="Display.tsx" path="/Users/jordi/Projects/calculator/src/components/Display/Display.tsx">
        <metrics statements="2" coveredstatements="2" conditionals="0" coveredconditionals="0" methods="1" coveredmethods="1"/>
        <line num="3" count="65" type="stmt"/>
        <line num="4" count="65" type="stmt"/>
      </file>
    </package>
    <package name="components.KeyGrid">
      <metrics statements="6" coveredstatements="6" conditionals="2" coveredconditionals="2" methods="2" coveredmethods="2"/>
      <file name="KeyGrid.tsx" path="/Users/jordi/Projects/calculator/src/components/KeyGrid/KeyGrid.tsx">
        <metrics statements="6" coveredstatements="6" conditionals="2" coveredconditionals="2" methods="2" coveredmethods="2"/>
        <line num="1" count="2" type="stmt"/>
        <line num="4" count="65" type="stmt"/>
        <line num="5" count="65" type="stmt"/>
        <line num="8" count="1170" type="cond" truecount="2" falsecount="0"/>
        <line num="10" count="715" type="stmt"/>
        <line num="12" count="455" type="stmt"/>
      </file>
    </package>
    <package name="context">
      <metrics statements="55" coveredstatements="53" conditionals="31" coveredconditionals="27" methods="8" coveredmethods="8"/>
      <file name="actions.ts" path="/Users/jordi/Projects/calculator/src/context/actions.ts">
        <metrics statements="1" coveredstatements="1" conditionals="0" coveredconditionals="0" methods="0" coveredmethods="0"/>
        <line num="1" count="3" type="stmt"/>
      </file>
      <file name="appContext.tsx" path="/Users/jordi/Projects/calculator/src/context/appContext.tsx">
        <metrics statements="19" coveredstatements="19" conditionals="0" coveredconditionals="0" methods="6" coveredmethods="6"/>
        <line num="1" count="3" type="stmt"/>
        <line num="2" count="3" type="stmt"/>
        <line num="4" count="3" type="stmt"/>
        <line num="6" count="3" type="stmt"/>
        <line num="12" count="63" type="stmt"/>
        <line num="13" count="63" type="stmt"/>
        <line num="14" count="31" type="stmt"/>
        <line num="17" count="63" type="stmt"/>
        <line num="18" count="4" type="stmt"/>
        <line num="21" count="63" type="stmt"/>
        <line num="22" count="8" type="stmt"/>
        <line num="25" count="63" type="stmt"/>
        <line num="26" count="1" type="stmt"/>
        <line num="29" count="63" type="stmt"/>
        <line num="30" count="6" type="stmt"/>
        <line num="33" count="63" type="stmt"/>
        <line num="44" count="63" type="stmt"/>
        <line num="46" count="63" type="stmt"/>
        <line num="53" count="3" type="stmt"/>
      </file>
      <file name="reducer.tsx" path="/Users/jordi/Projects/calculator/src/context/reducer.tsx">
        <metrics statements="35" coveredstatements="33" conditionals="31" coveredconditionals="27" methods="2" coveredmethods="2"/>
        <line num="1" count="3" type="stmt"/>
        <line num="5" count="3" type="stmt"/>
        <line num="6" count="50" type="cond" truecount="5" falsecount="1"/>
        <line num="8" count="31" type="cond" truecount="3" falsecount="0"/>
        <line num="9" count="3" type="stmt"/>
        <line num="11" count="28" type="cond" truecount="3" falsecount="0"/>
        <line num="12" count="2" type="stmt"/>
        <line num="14" count="26" type="cond" truecount="3" falsecount="0"/>
        <line num="15" count="2" type="stmt"/>
        <line num="17" count="24" type="cond" truecount="1" falsecount="0"/>
        <line num="18" count="18" type="stmt"/>
        <line num="20" count="6" type="stmt"/>
        <line num="23" count="4" type="cond" truecount="1" falsecount="0"/>
        <line num="24" count="2" type="stmt"/>
        <line num="26" count="2" type="stmt"/>
        <line num="29" count="1" type="stmt"/>
        <line num="32" count="8" type="cond" truecount="1" falsecount="0"/>
        <line num="33" count="5" type="stmt"/>
        <line num="40" count="3" type="stmt"/>
        <line num="48" count="6" type="cond" truecount="4" falsecount="0"/>
        <line num="49" count="1" type="stmt"/>
        <line num="51" count="5" type="stmt"/>
        <line num="59" count="0" type="stmt"/>
        <line num="65" count="8" type="stmt"/>
        <line num="66" count="8" type="stmt"/>
        <line num="67" count="8" type="stmt"/>
        <line num="69" count="8" type="stmt"/>
        <line num="70" count="8" type="stmt"/>
        <line num="72" count="8" type="cond" truecount="4" falsecount="1"/>
        <line num="74" count="2" type="stmt"/>
        <line num="77" count="2" type="stmt"/>
        <line num="80" count="2" type="stmt"/>
        <line num="83" count="2" type="stmt"/>
        <line num="86" count="0" type="stmt"/>
        <line num="91" count="3" type="stmt"/>
      </file>
    </package>
    <package name="data">
      <metrics statements="2" coveredstatements="2" conditionals="0" coveredconditionals="0" methods="0" coveredmethods="0"/>
      <file name="keys.ts" path="/Users/jordi/Projects/calculator/src/data/keys.ts">
        <metrics statements="2" coveredstatements="2" conditionals="0" coveredconditionals="0" methods="0" coveredmethods="0"/>
        <line num="3" count="2" type="stmt"/>
        <line num="96" count="2" type="stmt"/>
      </file>
    </package>
  </project>
</coverage>
