{"/Users/jordi/Projects/calculator/src/components/Button/Button.tsx": {"path":"/Users/jordi/Projects/calculator/src/components/Button/Button.tsx","statementMap":{"0":{"start":{"line":1,"column":0},"end":{"line":1,"column":47}},"1":{"start":{"line":2,"column":0},"end":{"line":2,"column":54}},"2":{"start":{"line":5,"column":22},"end":{"line":48,"column":1}},"3":{"start":{"line":5,"column":30},"end":{"line":5,"column":32}},"4":{"start":{"line":5,"column":36},"end":{"line":5,"column":38}},"5":{"start":{"line":5,"column":42},"end":{"line":5,"column":57}},"6":{"start":{"line":6,"column":70},"end":{"line":6,"column":92}},"7":{"start":{"line":6,"column":18},"end":{"line":6,"column":20}},"8":{"start":{"line":6,"column":35},"end":{"line":6,"column":37}},"9":{"start":{"line":6,"column":42},"end":{"line":6,"column":44}},"10":{"start":{"line":6,"column":55},"end":{"line":6,"column":57}},"11":{"start":{"line":6,"column":65},"end":{"line":6,"column":70}},"12":{"start":{"line":8,"column":21},"end":{"line":11,"column":4}},"13":{"start":{"line":13,"column":18},"end":{"line":37,"column":3}},"14":{"start":{"line":14,"column":22},"end":{"line":14,"column":42}},"15":{"start":{"line":16,"column":4},"end":{"line":36,"column":null}},"16":{"start":{"line":18,"column":8},"end":{"line":18,"column":24}},"17":{"start":{"line":19,"column":8},"end":{"line":19,"column":14}},"18":{"start":{"line":21,"column":8},"end":{"line":34,"column":null}},"19":{"start":{"line":23,"column":12},"end":{"line":23,"column":20}},"20":{"start":{"line":24,"column":12},"end":{"line":24,"column":18}},"21":{"start":{"line":26,"column":12},"end":{"line":26,"column":26}},"22":{"start":{"line":27,"column":12},"end":{"line":27,"column":18}},"23":{"start":{"line":29,"column":12},"end":{"line":29,"column":23}},"24":{"start":{"line":30,"column":12},"end":{"line":30,"column":18}},"25":{"start":{"line":32,"column":12},"end":{"line":32,"column":35}},"26":{"start":{"line":33,"column":12},"end":{"line":33,"column":18}},"27":{"start":{"line":35,"column":8},"end":{"line":35,"column":14}},"28":{"start":{"line":39,"column":2},"end":{"line":47,"column":4}},"29":{"start":{"line":5,"column":13},"end":{"line":5,"column":22}}},"fnMap":{"0":{"name":"(anonymous_2)","decl":{"start":{"line":5,"column":22},"end":{"line":5,"column":23}},"loc":{"start":{"line":5,"column":57},"end":{"line":48,"column":1}}},"1":{"name":"(anonymous_3)","decl":{"start":{"line":13,"column":18},"end":{"line":13,"column":19}},"loc":{"start":{"line":13,"column":55},"end":{"line":37,"column":3}}}},"branchMap":{"0":{"loc":{"start":{"line":16,"column":4},"end":{"line":36,"column":null}},"type":"switch","locations":[{"start":{"line":17,"column":6},"end":{"line":19,"column":14}},{"start":{"line":20,"column":6},"end":{"line":35,"column":14}}]},"1":{"loc":{"start":{"line":21,"column":8},"end":{"line":34,"column":null}},"type":"switch","locations":[{"start":{"line":22,"column":10},"end":{"line":24,"column":18}},{"start":{"line":25,"column":10},"end":{"line":27,"column":18}},{"start":{"line":28,"column":10},"end":{"line":30,"column":18}},{"start":{"line":31,"column":10},"end":{"line":33,"column":18}}]}},"s":{"0":3,"1":3,"2":3,"3":1171,"4":1171,"5":1171,"6":1171,"7":1171,"8":1171,"9":1171,"10":1171,"11":1171,"12":1171,"13":1171,"14":50,"15":50,"16":31,"17":31,"18":19,"19":1,"20":1,"21":4,"22":4,"23":6,"24":6,"25":8,"26":8,"27":19,"28":1171,"29":3},"f":{"0":1171,"1":50},"b":{"0":[31,19],"1":[1,4,6,8]}}
,"/Users/jordi/Projects/calculator/src/components/Calculator/Calculator.tsx": {"path":"/Users/jordi/Projects/calculator/src/components/Calculator/Calculator.tsx","statementMap":{"0":{"start":{"line":1,"column":0},"end":{"line":1,"column":35}},"1":{"start":{"line":2,"column":0},"end":{"line":2,"column":54}},"2":{"start":{"line":3,"column":0},"end":{"line":3,"column":35}},"3":{"start":{"line":4,"column":0},"end":{"line":4,"column":45}},"4":{"start":{"line":5,"column":0},"end":{"line":5,"column":45}},"5":{"start":{"line":7,"column":26},"end":{"line":17,"column":1}},"6":{"start":{"line":8,"column":57},"end":{"line":8,"column":79}},"7":{"start":{"line":8,"column":24},"end":{"line":8,"column":26}},"8":{"start":{"line":8,"column":41},"end":{"line":8,"column":43}},"9":{"start":{"line":8,"column":52},"end":{"line":8,"column":57}},"10":{"start":{"line":9,"column":19},"end":{"line":9,"column":61}},"11":{"start":{"line":11,"column":2},"end":{"line":16,"column":4}},"12":{"start":{"line":7,"column":13},"end":{"line":7,"column":26}}},"fnMap":{"0":{"name":"(anonymous_3)","decl":{"start":{"line":7,"column":26},"end":{"line":7,"column":null}},"loc":{"start":{"line":7,"column":26},"end":{"line":17,"column":1}}}},"branchMap":{},"s":{"0":1,"1":1,"2":1,"3":1,"4":1,"5":1,"6":64,"7":64,"8":64,"9":64,"10":64,"11":64,"12":1},"f":{"0":64},"b":{}}
,"/Users/jordi/Projects/calculator/src/components/Display/Display.tsx": {"path":"/Users/jordi/Projects/calculator/src/components/Display/Display.tsx","statementMap":{"0":{"start":{"line":3,"column":23},"end":{"line":14,"column":1}},"1":{"start":{"line":3,"column":34},"end":{"line":3,"column":36}},"2":{"start":{"line":3,"column":43},"end":{"line":3,"column":59}},"3":{"start":{"line":4,"column":2},"end":{"line":13,"column":4}},"4":{"start":{"line":3,"column":13},"end":{"line":3,"column":23}}},"fnMap":{"0":{"name":"(anonymous_2)","decl":{"start":{"line":3,"column":23},"end":{"line":3,"column":24}},"loc":{"start":{"line":3,"column":59},"end":{"line":14,"column":1}}}},"branchMap":{},"s":{"0":2,"1":65,"2":65,"3":65,"4":2},"f":{"0":65},"b":{}}
,"/Users/jordi/Projects/calculator/src/components/KeyGrid/KeyGrid.tsx": {"path":"/Users/jordi/Projects/calculator/src/components/KeyGrid/KeyGrid.tsx","statementMap":{"0":{"start":{"line":1,"column":0},"end":{"line":1,"column":42}},"1":{"start":{"line":4,"column":23},"end":{"line":17,"column":1}},"2":{"start":{"line":4,"column":30},"end":{"line":4,"column":46}},"3":{"start":{"line":5,"column":2},"end":{"line":16,"column":4}},"4":{"start":{"line":8,"column":8},"end":{"line":13,"column":null}},"5":{"start":{"line":10,"column":12},"end":{"line":10,"column":93}},"6":{"start":{"line":12,"column":12},"end":{"line":12,"column":97}},"7":{"start":{"line":4,"column":13},"end":{"line":4,"column":23}}},"fnMap":{"0":{"name":"(anonymous_2)","decl":{"start":{"line":4,"column":23},"end":{"line":4,"column":24}},"loc":{"start":{"line":4,"column":46},"end":{"line":17,"column":1}}},"1":{"name":"(anonymous_3)","decl":{"start":{"line":7,"column":16},"end":{"line":7,"column":17}},"loc":{"start":{"line":7,"column":20},"end":{"line":14,"column":7}}}},"branchMap":{"0":{"loc":{"start":{"line":8,"column":8},"end":{"line":13,"column":null}},"type":"switch","locations":[{"start":{"line":9,"column":10},"end":{"line":10,"column":93}},{"start":{"line":11,"column":10},"end":{"line":12,"column":97}}]}},"s":{"0":2,"1":2,"2":65,"3":65,"4":1170,"5":715,"6":455,"7":2},"f":{"0":65,"1":1170},"b":{"0":[715,455]}}
,"/Users/jordi/Projects/calculator/src/context/actions.ts": {"path":"/Users/jordi/Projects/calculator/src/context/actions.ts","statementMap":{"0":{"start":{"line":1,"column":13},"end":{"line":7,"column":2}}},"fnMap":{},"branchMap":{},"s":{"0":3},"f":{},"b":{}}
,"/Users/jordi/Projects/calculator/src/context/appContext.tsx": {"path":"/Users/jordi/Projects/calculator/src/context/appContext.tsx","statementMap":{"0":{"start":{"line":1,"column":0},"end":{"line":1,"column":69}},"1":{"start":{"line":2,"column":0},"end":{"line":2,"column":36}},"2":{"start":{"line":4,"column":0},"end":{"line":4,"column":32}},"3":{"start":{"line":6,"column":19},"end":{"line":10,"column":18}},"4":{"start":{"line":53,"column":22},"end":{"line":53,"column":32}},"5":{"start":{"line":12,"column":20},"end":{"line":51,"column":1}},"6":{"start":{"line":12,"column":31},"end":{"line":12,"column":52}},"7":{"start":{"line":13,"column":19},"end":{"line":15,"column":3}},"8":{"start":{"line":14,"column":4},"end":{"line":14,"column":58}},"9":{"start":{"line":17,"column":22},"end":{"line":19,"column":3}},"10":{"start":{"line":18,"column":4},"end":{"line":18,"column":45}},"11":{"start":{"line":21,"column":26},"end":{"line":23,"column":3}},"12":{"start":{"line":22,"column":4},"end":{"line":22,"column":69}},"13":{"start":{"line":25,"column":16},"end":{"line":27,"column":3}},"14":{"start":{"line":26,"column":4},"end":{"line":26,"column":38}},"15":{"start":{"line":29,"column":19},"end":{"line":31,"column":3}},"16":{"start":{"line":30,"column":4},"end":{"line":30,"column":41}},"17":{"start":{"line":33,"column":37},"end":{"line":42,"column":4}},"18":{"start":{"line":44,"column":28},"end":{"line":44,"column":61}},"19":{"start":{"line":44,"column":14},"end":{"line":44,"column":16}},"20":{"start":{"line":44,"column":24},"end":{"line":44,"column":28}},"21":{"start":{"line":46,"column":2},"end":{"line":50,"column":4}},"22":{"start":{"line":53,"column":9},"end":{"line":53,"column":20}}},"fnMap":{"0":{"name":"(anonymous_3)","decl":{"start":{"line":12,"column":20},"end":{"line":12,"column":21}},"loc":{"start":{"line":12,"column":52},"end":{"line":51,"column":1}}},"1":{"name":"(anonymous_4)","decl":{"start":{"line":13,"column":19},"end":{"line":13,"column":20}},"loc":{"start":{"line":13,"column":33},"end":{"line":15,"column":3}}},"2":{"name":"(anonymous_5)","decl":{"start":{"line":17,"column":22},"end":{"line":17,"column":null}},"loc":{"start":{"line":17,"column":22},"end":{"line":19,"column":3}}},"3":{"name":"(anonymous_6)","decl":{"start":{"line":21,"column":26},"end":{"line":21,"column":27}},"loc":{"start":{"line":21,"column":44},"end":{"line":23,"column":3}}},"4":{"name":"(anonymous_7)","decl":{"start":{"line":25,"column":16},"end":{"line":25,"column":null}},"loc":{"start":{"line":25,"column":16},"end":{"line":27,"column":3}}},"5":{"name":"(anonymous_8)","decl":{"start":{"line":29,"column":19},"end":{"line":29,"column":null}},"loc":{"start":{"line":29,"column":19},"end":{"line":31,"column":3}}}},"branchMap":{},"s":{"0":3,"1":3,"2":3,"3":3,"4":3,"5":3,"6":63,"7":63,"8":31,"9":63,"10":4,"11":63,"12":8,"13":63,"14":1,"15":63,"16":6,"17":63,"18":63,"19":63,"20":63,"21":63,"22":3},"f":{"0":63,"1":31,"2":4,"3":8,"4":1,"5":6},"b":{}}
,"/Users/jordi/Projects/calculator/src/context/reducer.tsx": {"path":"/Users/jordi/Projects/calculator/src/context/reducer.tsx","statementMap":{"0":{"start":{"line":1,"column":0},"end":{"line":1,"column":36}},"1":{"start":{"line":5,"column":16},"end":{"line":62,"column":1}},"2":{"start":{"line":6,"column":2},"end":{"line":61,"column":null}},"3":{"start":{"line":8,"column":6},"end":{"line":10,"column":null}},"4":{"start":{"line":9,"column":8},"end":{"line":9,"column":28}},"5":{"start":{"line":11,"column":6},"end":{"line":13,"column":null}},"6":{"start":{"line":12,"column":8},"end":{"line":12,"column":28}},"7":{"start":{"line":14,"column":6},"end":{"line":16,"column":null}},"8":{"start":{"line":15,"column":8},"end":{"line":15,"column":66}},"9":{"start":{"line":17,"column":6},"end":{"line":19,"column":null}},"10":{"start":{"line":18,"column":8},"end":{"line":18,"column":65}},"11":{"start":{"line":20,"column":6},"end":{"line":20,"column":81}},"12":{"start":{"line":23,"column":6},"end":{"line":25,"column":null}},"13":{"start":{"line":24,"column":8},"end":{"line":24,"column":79}},"14":{"start":{"line":26,"column":6},"end":{"line":26,"column":47}},"15":{"start":{"line":29,"column":6},"end":{"line":29,"column":83}},"16":{"start":{"line":32,"column":6},"end":{"line":39,"column":null}},"17":{"start":{"line":33,"column":8},"end":{"line":37,"column":null}},"18":{"start":{"line":40,"column":6},"end":{"line":44,"column":null}},"19":{"start":{"line":48,"column":6},"end":{"line":50,"column":null}},"20":{"start":{"line":49,"column":8},"end":{"line":49,"column":28}},"21":{"start":{"line":51,"column":6},"end":{"line":55,"column":null}},"22":{"start":{"line":59,"column":6},"end":{"line":59,"column":26}},"23":{"start":{"line":65,"column":16},"end":{"line":65,"column":null}},"24":{"start":{"line":66,"column":17},"end":{"line":66,"column":null}},"25":{"start":{"line":67,"column":11},"end":{"line":67,"column":null}},"26":{"start":{"line":69,"column":19},"end":{"line":69,"column":46}},"27":{"start":{"line":70,"column":18},"end":{"line":70,"column":44}},"28":{"start":{"line":72,"column":2},"end":{"line":88,"column":null}},"29":{"start":{"line":74,"column":6},"end":{"line":74,"column":45}},"30":{"start":{"line":77,"column":6},"end":{"line":77,"column":45}},"31":{"start":{"line":80,"column":6},"end":{"line":80,"column":45}},"32":{"start":{"line":83,"column":6},"end":{"line":83,"column":45}},"33":{"start":{"line":86,"column":6},"end":{"line":86,"column":16}},"34":{"start":{"line":91,"column":0},"end":{"line":91,"column":23}}},"fnMap":{"0":{"name":"(anonymous_2)","decl":{"start":{"line":5,"column":16},"end":{"line":5,"column":17}},"loc":{"start":{"line":5,"column":56},"end":{"line":62,"column":1}}},"1":{"name":"evaluate","decl":{"start":{"line":64,"column":9},"end":{"line":64,"column":17}},"loc":{"start":{"line":68,"column":73},"end":{"line":89,"column":1}}}},"branchMap":{"0":{"loc":{"start":{"line":6,"column":2},"end":{"line":61,"column":null}},"type":"switch","locations":[{"start":{"line":7,"column":4},"end":{"line":21,"column":null}},{"start":{"line":22,"column":4},"end":{"line":27,"column":null}},{"start":{"line":28,"column":4},"end":{"line":30,"column":null}},{"start":{"line":31,"column":4},"end":{"line":46,"column":null}},{"start":{"line":47,"column":4},"end":{"line":57,"column":null}},{"start":{"line":58,"column":4},"end":{"line":60,"column":null}}]},"1":{"loc":{"start":{"line":8,"column":6},"end":{"line":10,"column":null}},"type":"if","locations":[{"start":{"line":8,"column":6},"end":{"line":10,"column":null}}]},"2":{"loc":{"start":{"line":8,"column":10},"end":{"line":8,"column":64}},"type":"binary-expr","locations":[{"start":{"line":8,"column":10},"end":{"line":8,"column":38}},{"start":{"line":8,"column":42},"end":{"line":8,"column":64}}]},"3":{"loc":{"start":{"line":11,"column":6},"end":{"line":13,"column":null}},"type":"if","locations":[{"start":{"line":11,"column":6},"end":{"line":13,"column":null}}]},"4":{"loc":{"start":{"line":11,"column":10},"end":{"line":11,"column":70}},"type":"binary-expr","locations":[{"start":{"line":11,"column":10},"end":{"line":11,"column":44}},{"start":{"line":11,"column":48},"end":{"line":11,"column":70}}]},"5":{"loc":{"start":{"line":14,"column":6},"end":{"line":16,"column":null}},"type":"if","locations":[{"start":{"line":14,"column":6},"end":{"line":16,"column":null}}]},"6":{"loc":{"start":{"line":14,"column":10},"end":{"line":14,"column":64}},"type":"binary-expr","locations":[{"start":{"line":14,"column":10},"end":{"line":14,"column":38}},{"start":{"line":14,"column":42},"end":{"line":14,"column":64}}]},"7":{"loc":{"start":{"line":17,"column":6},"end":{"line":19,"column":null}},"type":"if","locations":[{"start":{"line":17,"column":6},"end":{"line":19,"column":null}}]},"8":{"loc":{"start":{"line":23,"column":6},"end":{"line":25,"column":null}},"type":"if","locations":[{"start":{"line":23,"column":6},"end":{"line":25,"column":null}}]},"9":{"loc":{"start":{"line":32,"column":6},"end":{"line":39,"column":null}},"type":"if","locations":[{"start":{"line":32,"column":6},"end":{"line":39,"column":null}}]},"10":{"loc":{"start":{"line":35,"column":21},"end":{"line":35,"column":41}},"type":"binary-expr","locations":[{"start":{"line":35,"column":21},"end":{"line":35,"column":35}},{"start":{"line":35,"column":39},"end":{"line":35,"column":41}}]},"11":{"loc":{"start":{"line":44,"column":19},"end":{"line":44,"column":39}},"type":"binary-expr","locations":[{"start":{"line":44,"column":19},"end":{"line":44,"column":33}},{"start":{"line":44,"column":37},"end":{"line":44,"column":39}}]},"12":{"loc":{"start":{"line":48,"column":6},"end":{"line":50,"column":null}},"type":"if","locations":[{"start":{"line":48,"column":6},"end":{"line":50,"column":null}}]},"13":{"loc":{"start":{"line":48,"column":10},"end":{"line":48,"column":77}},"type":"binary-expr","locations":[{"start":{"line":48,"column":10},"end":{"line":48,"column":31}},{"start":{"line":48,"column":35},"end":{"line":48,"column":57}},{"start":{"line":48,"column":61},"end":{"line":48,"column":77}}]},"14":{"loc":{"start":{"line":72,"column":2},"end":{"line":88,"column":null}},"type":"switch","locations":[{"start":{"line":73,"column":4},"end":{"line":75,"column":null}},{"start":{"line":76,"column":4},"end":{"line":78,"column":null}},{"start":{"line":79,"column":4},"end":{"line":81,"column":null}},{"start":{"line":82,"column":4},"end":{"line":84,"column":null}},{"start":{"line":85,"column":4},"end":{"line":87,"column":null}}]}},"s":{"0":3,"1":3,"2":50,"3":31,"4":3,"5":28,"6":2,"7":26,"8":2,"9":24,"10":18,"11":6,"12":4,"13":2,"14":2,"15":1,"16":8,"17":5,"18":3,"19":6,"20":1,"21":5,"22":0,"23":8,"24":8,"25":8,"26":8,"27":8,"28":8,"29":2,"30":2,"31":2,"32":2,"33":0,"34":3},"f":{"0":50,"1":8},"b":{"0":[31,4,1,8,6,0],"1":[3],"2":[31,23],"3":[2],"4":[28,2],"5":[2],"6":[26,20],"7":[18],"8":[2],"9":[5],"10":[5,0],"11":[3,0],"12":[1],"13":[6,6,5],"14":[2,2,2,2,0]}}
,"/Users/jordi/Projects/calculator/src/data/keys.ts": {"path":"/Users/jordi/Projects/calculator/src/data/keys.ts","statementMap":{"0":{"start":{"line":3,"column":25},"end":{"line":94,"column":2}},"1":{"start":{"line":96,"column":0},"end":{"line":96,"column":20}}},"fnMap":{},"branchMap":{},"s":{"0":2,"1":2},"f":{},"b":{}}
}
