TN:
SF:src/components/Button/Button.tsx
FN:5,(anonymous_2)
FN:13,(anonymous_3)
FNF:2
FNH:2
FNDA:1171,(anonymous_2)
FNDA:50,(anonymous_3)
DA:1,3
DA:2,3
DA:5,1171
DA:6,1171
DA:8,1171
DA:13,1171
DA:14,50
DA:16,50
DA:18,31
DA:19,31
DA:21,19
DA:23,1
DA:24,1
DA:26,4
DA:27,4
DA:29,6
DA:30,6
DA:32,8
DA:33,8
DA:35,19
DA:39,1171
LF:21
LH:21
BRDA:16,0,0,31
BRDA:16,0,1,19
BRDA:21,1,0,1
BRDA:21,1,1,4
BRDA:21,1,2,6
BRDA:21,1,3,8
BRF:6
BRH:6
end_of_record
TN:
SF:src/components/Calculator/Calculator.tsx
FN:7,(anonymous_3)
FNF:1
FNH:1
FNDA:64,(anonymous_3)
DA:1,1
DA:2,1
DA:3,1
DA:4,1
DA:5,1
DA:7,1
DA:8,64
DA:9,64
DA:11,64
LF:9
LH:9
BRF:0
BRH:0
end_of_record
TN:
SF:src/components/Display/Display.tsx
FN:3,(anonymous_2)
FNF:1
FNH:1
FNDA:65,(anonymous_2)
DA:3,65
DA:4,65
LF:2
LH:2
BRF:0
BRH:0
end_of_record
TN:
SF:src/components/KeyGrid/KeyGrid.tsx
FN:4,(anonymous_2)
FN:7,(anonymous_3)
FNF:2
FNH:2
FNDA:65,(anonymous_2)
FNDA:1170,(anonymous_3)
DA:1,2
DA:4,65
DA:5,65
DA:8,1170
DA:10,715
DA:12,455
LF:6
LH:6
BRDA:8,0,0,715
BRDA:8,0,1,455
BRF:2
BRH:2
end_of_record
TN:
SF:src/context/actions.ts
FNF:0
FNH:0
DA:1,3
LF:1
LH:1
BRF:0
BRH:0
end_of_record
TN:
SF:src/context/appContext.tsx
FN:12,(anonymous_3)
FN:13,(anonymous_4)
FN:17,(anonymous_5)
FN:21,(anonymous_6)
FN:25,(anonymous_7)
FN:29,(anonymous_8)
FNF:6
FNH:6
FNDA:63,(anonymous_3)
FNDA:31,(anonymous_4)
FNDA:4,(anonymous_5)
FNDA:8,(anonymous_6)
FNDA:1,(anonymous_7)
FNDA:6,(anonymous_8)
DA:1,3
DA:2,3
DA:4,3
DA:6,3
DA:12,63
DA:13,63
DA:14,31
DA:17,63
DA:18,4
DA:21,63
DA:22,8
DA:25,63
DA:26,1
DA:29,63
DA:30,6
DA:33,63
DA:44,63
DA:46,63
DA:53,3
LF:19
LH:19
BRF:0
BRH:0
end_of_record
TN:
SF:src/context/reducer.tsx
FN:5,(anonymous_2)
FN:64,evaluate
FNF:2
FNH:2
FNDA:50,(anonymous_2)
FNDA:8,evaluate
DA:1,3
DA:5,3
DA:6,50
DA:8,31
DA:9,3
DA:11,28
DA:12,2
DA:14,26
DA:15,2
DA:17,24
DA:18,18
DA:20,6
DA:23,4
DA:24,2
DA:26,2
DA:29,1
DA:32,8
DA:33,5
DA:40,3
DA:48,6
DA:49,1
DA:51,5
DA:59,0
DA:65,8
DA:66,8
DA:67,8
DA:69,8
DA:70,8
DA:72,8
DA:74,2
DA:77,2
DA:80,2
DA:83,2
DA:86,0
DA:91,3
LF:35
LH:33
BRDA:6,0,0,31
BRDA:6,0,1,4
BRDA:6,0,2,1
BRDA:6,0,3,8
BRDA:6,0,4,6
BRDA:6,0,5,0
BRDA:8,1,0,3
BRDA:8,2,0,31
BRDA:8,2,1,23
BRDA:11,3,0,2
BRDA:11,4,0,28
BRDA:11,4,1,2
BRDA:14,5,0,2
BRDA:14,6,0,26
BRDA:14,6,1,20
BRDA:17,7,0,18
BRDA:23,8,0,2
BRDA:32,9,0,5
BRDA:35,10,0,5
BRDA:35,10,1,0
BRDA:44,11,0,3
BRDA:44,11,1,0
BRDA:48,12,0,1
BRDA:48,13,0,6
BRDA:48,13,1,6
BRDA:48,13,2,5
BRDA:72,14,0,2
BRDA:72,14,1,2
BRDA:72,14,2,2
BRDA:72,14,3,2
BRDA:72,14,4,0
BRF:31
BRH:27
end_of_record
TN:
SF:src/data/keys.ts
FNF:0
FNH:0
DA:3,2
DA:96,2
LF:2
LH:2
BRF:0
BRH:0
end_of_record
